[2024-02-27 21:45:21] [ INFO ] [OdontologoDaoH2:18] Persistiendo un Odontologo
[2024-02-27 21:45:21] [ INFO ] [OdontologoDaoH2:41] Se persistio exitosamente a: Odontologo{id=null, matricula='1', nombre='Juan', apellido='Perez'}
[2024-02-27 21:45:21] [ INFO ] [OdontologoDaoH2:18] Persistiendo un Odontologo
[2024-02-27 21:45:21] [ INFO ] [OdontologoDaoH2:41] Se persistio exitosamente a: Odontologo{id=null, matricula='2', nombre='Juan2', apellido='Perez2'}
[2024-02-27 21:46:29] [ INFO ] [OdontologoDaoH2:18] Persistiendo un Odontologo
[2024-02-27 21:46:30] [ INFO ] [OdontologoDaoH2:41] Se persistio exitosamente a: Odontologo{id=1, matricula='1', nombre='Juan', apellido='Perez'}
[2024-02-27 21:46:30] [ INFO ] [OdontologoDaoH2:18] Persistiendo un Odontologo
[2024-02-27 21:46:30] [ INFO ] [OdontologoDaoH2:41] Se persistio exitosamente a: Odontologo{id=2, matricula='2', nombre='Juan2', apellido='Perez2'}
[2024-02-27 21:53:23] [ INFO ] [OdontologoDaoH2:19] Persistiendo un Odontologo
[2024-02-27 21:53:23] [ INFO ] [OdontologoDaoH2:42] Se persistio exitosamente a: Odontologo{id=1, matricula='1', nombre='Juan', apellido='Perez'}
[2024-02-27 21:53:23] [ INFO ] [OdontologoDaoH2:19] Persistiendo un Odontologo
[2024-02-27 21:53:23] [ INFO ] [OdontologoDaoH2:42] Se persistio exitosamente a: Odontologo{id=2, matricula='2', nombre='Juan2', apellido='Perez2'}
[2024-02-27 21:53:23] [ INFO ] [OdontologoDaoH2:90] Lista de odontologos: []
[2024-02-27 21:53:51] [ INFO ] [OdontologoDaoH2:19] Persistiendo un Odontologo
[2024-02-27 21:53:51] [ INFO ] [OdontologoDaoH2:42] Se persistio exitosamente a: Odontologo{id=1, matricula='1', nombre='Juan', apellido='Perez'}
[2024-02-27 21:53:51] [ INFO ] [OdontologoDaoH2:19] Persistiendo un Odontologo
[2024-02-27 21:53:51] [ INFO ] [OdontologoDaoH2:42] Se persistio exitosamente a: Odontologo{id=2, matricula='2', nombre='Juan2', apellido='Perez2'}
[2024-02-27 21:53:51] [ INFO ] [OdontologoDaoH2:91] Lista de odontologos: [Odontologo{id=1, matricula='1', nombre='Juan', apellido='Perez'}, Odontologo{id=2, matricula='2', nombre='Juan2', apellido='Perez2'}]
[2024-02-27 22:04:21] [ INFO ] [OdontologoArrayList:20] Se persistio en la lista de Java: Odontologo{id=1, matricula='1', nombre='Juan', apellido='Perez'}
[2024-02-27 22:04:21] [ INFO ] [OdontologoArrayList:20] Se persistio en la lista de Java: Odontologo{id=2, matricula='2', nombre='Juan2', apellido='Perez2'}
[2024-02-27 22:09:13] [ INFO ] [OdontologoDaoH2:19] Persistiendo un Odontologo
[2024-02-27 22:09:13] [ INFO ] [OdontologoDaoH2:42] Se persistio exitosamente a: Odontologo{id=1, matricula='1', nombre='Juan', apellido='Perez'}
[2024-02-27 22:09:13] [ INFO ] [OdontologoDaoH2:19] Persistiendo un Odontologo
[2024-02-27 22:09:13] [ INFO ] [OdontologoDaoH2:42] Se persistio exitosamente a: Odontologo{id=2, matricula='2', nombre='Juan2', apellido='Perez2'}
[2024-02-27 22:09:13] [ INFO ] [OdontologoDaoH2:91] Lista de odontologos: [Odontologo{id=1, matricula='1', nombre='Juan', apellido='Perez'}, Odontologo{id=2, matricula='2', nombre='Juan2', apellido='Perez2'}]
[2024-02-27 22:09:57] [ INFO ] [OdontologoDaoH2:19] Persistiendo un Odontologo
[2024-02-27 22:09:57] [ INFO ] [OdontologoDaoH2:42] Se persistio exitosamente a: Odontologo{id=1, matricula='1', nombre='Juan', apellido='Perez'}
[2024-02-27 22:09:57] [ INFO ] [OdontologoDaoH2:19] Persistiendo un Odontologo
[2024-02-27 22:09:57] [ INFO ] [OdontologoDaoH2:42] Se persistio exitosamente a: Odontologo{id=2, matricula='2', nombre='Juan2', apellido='Perez2'}
[2024-02-27 22:09:57] [ INFO ] [OdontologoDaoH2:91] Lista de odontologos: [Odontologo{id=1, matricula='1', nombre='Juan', apellido='Perez'}, Odontologo{id=2, matricula='2', nombre='Juan2', apellido='Perez2'}]
[2024-02-27 22:14:06] [ INFO ] [OdontologoDaoH2:19] Persistiendo un Odontologo
[2024-02-27 22:14:07] [ INFO ] [OdontologoDaoH2:42] Se persistio exitosamente a: Odontologo{id=1, matricula='1', nombre='Juan', apellido='Perez'}
[2024-02-27 22:14:07] [ INFO ] [OdontologoDaoH2:19] Persistiendo un Odontologo
[2024-02-27 22:14:07] [ INFO ] [OdontologoDaoH2:42] Se persistio exitosamente a: Odontologo{id=2, matricula='2', nombre='Juan2', apellido='Perez2'}
[2024-02-27 22:14:07] [ INFO ] [OdontologoDaoH2:91] Lista de odontologos: [Odontologo{id=1, matricula='1', nombre='Juan', apellido='Perez'}, Odontologo{id=2, matricula='2', nombre='Juan2', apellido='Perez2'}]
[2024-02-27 22:16:28] [ INFO ] [OdontologoArrayList:20] Se persistio en la lista de Java: Odontologo{id=1, matricula='1', nombre='Juan', apellido='Perez'}
[2024-02-27 22:16:28] [ INFO ] [OdontologoArrayList:20] Se persistio en la lista de Java: Odontologo{id=2, matricula='2', nombre='Juan2', apellido='Perez2'}
[2024-02-27 22:16:28] [ INFO ] [OdontologoArrayList:41] Lista de odontologos de java: [Odontologo{id=1, matricula='1', nombre='Juan', apellido='Perez'}, Odontologo{id=2, matricula='2', nombre='Juan2', apellido='Perez2'}]
